<?xml version="1.0" encoding="UTF-8"?>
<!-- Generated by org.testng.reporters.JUnitReportReporter -->
<testsuite skipped="0" hostname="DESKTOP-RNTJV4M" name="Automation.Session4_Assignment.AppTest" tests="3" failures="0" timestamp="04 Sep 2020 21:08:45 GMT" time="21.334" errors="0">
  <testcase name="AddSummerDressesToCompare" time="15.289" classname="Automation.Session4_Assignment.AppTest"/>
  <testcase name="CheckComapredDressName" time="6.045" classname="Automation.Session4_Assignment.AppTest"/>
  <testcase name="CheckComapredDressPrice" time="0.000" classname="Automation.Session4_Assignment.AppTest"/>
</testsuite> <!-- Automation.Session4_Assignment.AppTest -->
