<?xml version="1.0" encoding="UTF-8"?>
<!-- Generated by org.testng.reporters.JUnitReportReporter -->
<testsuite skipped="0" hostname="DESKTOP-RNTJV4M" name="runner.Runner" tests="1" failures="0" timestamp="27 Sep 2020 16:30:26 GMT" time="19.664" errors="0">
  <testcase name="feature" time="19.664" classname="runner.Runner"/>
</testsuite> <!-- runner.Runner -->
