<?xml version="1.0" encoding="UTF-8"?>
<!-- Generated by org.testng.reporters.JUnitReportReporter -->
<testsuite skipped="0" hostname="DESKTOP-RNTJV4M" name="stepDefinations.StepDefination" tests="2" failures="0" timestamp="27 Sep 2020 12:19:40 GMT" time="0.698" errors="0">
  <testcase name="feature" time="0.696" classname="stepDefinations.StepDefination"/>
  <testcase name="feature" time="0.002" classname="stepDefinations.StepDefination"/>
</testsuite> <!-- stepDefinations.StepDefination -->
