<?xml version="1.0" encoding="UTF-8"?>
<!-- Generated by org.testng.reporters.JUnitReportReporter -->
<testsuite skipped="0" hostname="DESKTOP-RNTJV4M" name="Automation.Session_Assignment.AppTest" tests="1" failures="0" timestamp="07 Sep 2020 22:27:41 GMT" time="123.145" errors="0">
  <testcase name="SginIn" time="123.145" classname="Automation.Session_Assignment.AppTest"/>
</testsuite> <!-- Automation.Session_Assignment.AppTest -->
