<?xml version="1.0" encoding="UTF-8"?>
<!-- Generated by org.testng.reporters.JUnitReportReporter -->
<testsuite skipped="0" hostname="DESKTOP-RNTJV4M" name="runner.Runner" tests="1" failures="0" timestamp="27 Sep 2020 07:59:51 GMT" time="144.303" errors="0">
  <testcase name="feature" time="144.303" classname="runner.Runner"/>
</testsuite> <!-- runner.Runner -->
